<?xml version="1.0" encoding="UTF-8"?>
<!-- Generated by org.testng.reporters.JUnitReportReporter -->
<testsuite hostname="Nikhil-Kumar" failures="0" tests="1" name="day01.HttpRequests" time="1.925" errors="0" timestamp="2025-01-24T15:44:54 IST" skipped="0">
  <testcase classname="day01.HttpRequests" name="getUsers" time="1.925"/>
</testsuite> <!-- day01.HttpRequests -->
