<?xml version="1.0" encoding="UTF-8"?>
<!-- Generated by org.testng.reporters.JUnitReportReporter -->
<testsuite hostname="Nikhil-Kumar" failures="0" tests="1" name="day01.HttpRequests" time="2.285" errors="0" timestamp="2025-01-24T16:17:42 IST" skipped="0">
  <testcase classname="day01.HttpRequests" name="createUser" time="2.285"/>
</testsuite> <!-- day01.HttpRequests -->
